2025-04-12 21:01:44,673 | MainThread   | [DEBUG   ] | run                 |: Python version: 3.11.12 (main, Apr  8 2025, 14:15:29) [Clang 16.0.0 (clang-1600.0.26.6)]
2025-04-12 21:01:44,674 | MainThread   | [DEBUG   ] | run                 |: Parameters used:
2025-04-12 21:01:44,674 | MainThread   | [DEBUG   ] | run                 |: Symbol               : o
2025-04-12 21:01:44,674 | MainThread   | [DEBUG   ] | run                 |: Symbol size          : 5
2025-04-12 21:01:44,674 | MainThread   | [DEBUG   ] | run                 |: Line thickness       : 2
2025-04-12 21:01:44,674 | MainThread   | [DEBUG   ] | run                 |: Position tolerance   : 0.03
2025-04-12 21:01:44,674 | MainThread   | [DEBUG   ] | run                 |: ------------------

2025-04-12 21:01:48,910 | MainThread   | [DEBUG   ] | signal_handler      |: Received SIGTERM
2025-04-12 21:01:48,910 | MainThread   | [DEBUG   ] | run                 |: Exiting gracefully...
2025-04-15 14:12:26,954 | MainThread   | [DEBUG   ] | run                 |: Python version: 3.11.12 (main, Apr  8 2025, 14:15:29) [Clang 16.0.0 (clang-1600.0.26.6)]
2025-04-15 14:12:26,955 | MainThread   | [DEBUG   ] | run                 |: Parameters used:
2025-04-15 14:12:26,955 | MainThread   | [DEBUG   ] | run                 |: Symbol               : o
2025-04-15 14:12:26,955 | MainThread   | [DEBUG   ] | run                 |: Symbol size          : 5
2025-04-15 14:12:26,955 | MainThread   | [DEBUG   ] | run                 |: Line thickness       : 2
2025-04-15 14:12:26,955 | MainThread   | [DEBUG   ] | run                 |: Position tolerance   : 0.03
2025-04-15 14:12:26,955 | MainThread   | [DEBUG   ] | run                 |: ------------------

2025-04-15 14:15:32,949 | MainThread   | [DEBUG   ] | signal_handler      |: Received SIGTERM
2025-04-15 14:15:32,949 | MainThread   | [DEBUG   ] | run                 |: Exiting gracefully...
2025-04-20 00:44:38,436 | MainThread   | [DEBUG   ] | run                 |: Python version: 3.11.12 (main, Apr  8 2025, 14:15:29) [Clang 16.0.0 (clang-1600.0.26.6)]
2025-04-20 00:44:38,437 | MainThread   | [DEBUG   ] | run                 |: Parameters used:
2025-04-20 00:44:38,437 | MainThread   | [DEBUG   ] | run                 |: Symbol               : o
2025-04-20 00:44:38,437 | MainThread   | [DEBUG   ] | run                 |: Symbol size          : 5
2025-04-20 00:44:38,437 | MainThread   | [DEBUG   ] | run                 |: Line thickness       : 2
2025-04-20 00:44:38,437 | MainThread   | [DEBUG   ] | run                 |: Position tolerance   : 0.03
2025-04-20 00:44:38,437 | MainThread   | [DEBUG   ] | run                 |: ------------------

2025-04-20 00:45:51,033 | MainThread   | [DEBUG   ] | signal_handler      |: Received SIGTERM
2025-04-20 00:45:51,033 | MainThread   | [DEBUG   ] | run                 |: Exiting gracefully...
2025-04-20 00:46:03,037 | MainThread   | [DEBUG   ] | run                 |: Python version: 3.11.12 (main, Apr  8 2025, 14:15:29) [Clang 16.0.0 (clang-1600.0.26.6)]
2025-04-20 00:46:03,037 | MainThread   | [DEBUG   ] | run                 |: Parameters used:
2025-04-20 00:46:03,037 | MainThread   | [DEBUG   ] | run                 |: Symbol               : o
2025-04-20 00:46:03,037 | MainThread   | [DEBUG   ] | run                 |: Symbol size          : 5
2025-04-20 00:46:03,037 | MainThread   | [DEBUG   ] | run                 |: Line thickness       : 2
2025-04-20 00:46:03,037 | MainThread   | [DEBUG   ] | run                 |: Position tolerance   : 0.03
2025-04-20 00:46:03,037 | MainThread   | [DEBUG   ] | run                 |: ------------------

2025-04-20 00:47:30,905 | MainThread   | [DEBUG   ] | reset_all_plots     |: Resetting trajectory plots...
2025-04-20 00:48:17,170 | MainThread   | [DEBUG   ] | reset_all_plots     |: Resetting trajectory plots...
2025-04-20 00:48:33,883 | MainThread   | [DEBUG   ] | reset_all_plots     |: Resetting trajectory plots...
2025-04-20 00:49:23,001 | MainThread   | [DEBUG   ] | reset_all_plots     |: Resetting trajectory plots...
2025-04-20 00:49:37,063 | MainThread   | [DEBUG   ] | reset_all_plots     |: Resetting trajectory plots...
2025-04-20 00:50:05,399 | MainThread   | [DEBUG   ] | reset_all_plots     |: Resetting trajectory plots...
2025-04-20 00:50:27,925 | MainThread   | [DEBUG   ] | reset_all_plots     |: Resetting trajectory plots...
2025-04-20 00:51:33,296 | MainThread   | [DEBUG   ] | reset_all_plots     |: Resetting trajectory plots...
2025-04-20 00:52:17,616 | MainThread   | [DEBUG   ] | reset_all_plots     |: Resetting trajectory plots...
2025-04-20 19:30:41,795 | MainThread   | [DEBUG   ] | run                 |: Python version: 3.11.12 (main, Apr  8 2025, 14:15:29) [Clang 16.0.0 (clang-1600.0.26.6)]
2025-04-20 19:30:41,797 | MainThread   | [DEBUG   ] | run                 |: Parameters used:
2025-04-20 19:30:41,797 | MainThread   | [DEBUG   ] | run                 |: Symbol               : o
2025-04-20 19:30:41,797 | MainThread   | [DEBUG   ] | run                 |: Symbol size          : 5
2025-04-20 19:30:41,797 | MainThread   | [DEBUG   ] | run                 |: Line thickness       : 2
2025-04-20 19:30:41,797 | MainThread   | [DEBUG   ] | run                 |: Position tolerance   : 0.03
2025-04-20 19:30:41,797 | MainThread   | [DEBUG   ] | run                 |: ------------------

2025-04-20 19:32:41,215 | MainThread   | [DEBUG   ] | reset_all_plots     |: Resetting trajectory plots...
2025-04-20 19:37:10,613 | MainThread   | [DEBUG   ] | reset_all_plots     |: Resetting trajectory plots...
2025-04-20 19:42:10,035 | MainThread   | [DEBUG   ] | reset_all_plots     |: Resetting trajectory plots...
2025-04-20 19:44:07,873 | MainThread   | [DEBUG   ] | reset_all_plots     |: Resetting trajectory plots...
2025-04-20 19:47:02,115 | MainThread   | [DEBUG   ] | reset_all_plots     |: Resetting trajectory plots...
2025-04-20 19:49:08,664 | MainThread   | [DEBUG   ] | reset_all_plots     |: Resetting trajectory plots...
2025-04-20 20:12:43,352 | MainThread   | [DEBUG   ] | reset_all_plots     |: Resetting trajectory plots...
2025-04-21 00:49:06,068 | MainThread   | [DEBUG   ] | run                 |: Python version: 3.11.12 (main, Apr  8 2025, 14:15:29) [Clang 16.0.0 (clang-1600.0.26.6)]
2025-04-21 00:49:06,069 | MainThread   | [DEBUG   ] | run                 |: Parameters used:
2025-04-21 00:49:06,069 | MainThread   | [DEBUG   ] | run                 |: Symbol               : o
2025-04-21 00:49:06,069 | MainThread   | [DEBUG   ] | run                 |: Symbol size          : 5
2025-04-21 00:49:06,069 | MainThread   | [DEBUG   ] | run                 |: Line thickness       : 2
2025-04-21 00:49:06,069 | MainThread   | [DEBUG   ] | run                 |: Position tolerance   : 0.03
2025-04-21 00:49:06,069 | MainThread   | [DEBUG   ] | run                 |: ------------------

2025-04-21 18:52:10,939 | MainThread   | [DEBUG   ] | run                 |: Python version: 3.11.12 (main, Apr  8 2025, 14:15:29) [Clang 16.0.0 (clang-1600.0.26.6)]
2025-04-21 18:52:10,940 | MainThread   | [DEBUG   ] | run                 |: Parameters used:
2025-04-21 18:52:10,940 | MainThread   | [DEBUG   ] | run                 |: Symbol               : o
2025-04-21 18:52:10,940 | MainThread   | [DEBUG   ] | run                 |: Symbol size          : 5
2025-04-21 18:52:10,940 | MainThread   | [DEBUG   ] | run                 |: Line thickness       : 2
2025-04-21 18:52:10,940 | MainThread   | [DEBUG   ] | run                 |: Position tolerance   : 0.03
2025-04-21 18:52:10,940 | MainThread   | [DEBUG   ] | run                 |: ------------------

2025-04-21 18:53:55,754 | MainThread   | [DEBUG   ] | reset_all_plots     |: Resetting trajectory plots...
2025-04-21 22:47:12,764 | MainThread   | [DEBUG   ] | run                 |: Python version: 3.11.12 (main, Apr  8 2025, 14:15:29) [Clang 16.0.0 (clang-1600.0.26.6)]
2025-04-21 22:47:12,764 | MainThread   | [DEBUG   ] | run                 |: Parameters used:
2025-04-21 22:47:12,764 | MainThread   | [DEBUG   ] | run                 |: Symbol               : o
2025-04-21 22:47:12,764 | MainThread   | [DEBUG   ] | run                 |: Symbol size          : 5
2025-04-21 22:47:12,764 | MainThread   | [DEBUG   ] | run                 |: Line thickness       : 2
2025-04-21 22:47:12,764 | MainThread   | [DEBUG   ] | run                 |: Position tolerance   : 0.03
2025-04-21 22:47:12,764 | MainThread   | [DEBUG   ] | run                 |: ------------------

2025-04-21 22:48:05,967 | MainThread   | [DEBUG   ] | reset_all_plots     |: Resetting trajectory plots...
2025-04-27 15:08:29,401 | MainThread   | [DEBUG   ] | run                 |: Python version: 3.11.12 (main, Apr  8 2025, 14:15:29) [Clang 16.0.0 (clang-1600.0.26.6)]
2025-04-27 15:08:29,402 | MainThread   | [DEBUG   ] | run                 |: Parameters used:
2025-04-27 15:08:29,402 | MainThread   | [DEBUG   ] | run                 |: Symbol               : o
2025-04-27 15:08:29,402 | MainThread   | [DEBUG   ] | run                 |: Symbol size          : 5
2025-04-27 15:08:29,402 | MainThread   | [DEBUG   ] | run                 |: Line thickness       : 2
2025-04-27 15:08:29,402 | MainThread   | [DEBUG   ] | run                 |: Position tolerance   : 0.03
2025-04-27 15:08:29,402 | MainThread   | [DEBUG   ] | run                 |: ------------------

2025-04-27 15:08:59,095 | MainThread   | [DEBUG   ] | reset_all_plots     |: Resetting trajectory plots...
2025-04-27 20:11:31,777 | MainThread   | [DEBUG   ] | run                 |: Python version: 3.11.12 (main, Apr  8 2025, 14:15:29) [Clang 16.0.0 (clang-1600.0.26.6)]
2025-04-27 20:11:31,778 | MainThread   | [DEBUG   ] | run                 |: Parameters used:
2025-04-27 20:11:31,778 | MainThread   | [DEBUG   ] | run                 |: Symbol               : o
2025-04-27 20:11:31,778 | MainThread   | [DEBUG   ] | run                 |: Symbol size          : 5
2025-04-27 20:11:31,778 | MainThread   | [DEBUG   ] | run                 |: Line thickness       : 2
2025-04-27 20:11:31,778 | MainThread   | [DEBUG   ] | run                 |: Position tolerance   : 0.03
2025-04-27 20:11:31,778 | MainThread   | [DEBUG   ] | run                 |: ------------------

2025-04-27 20:13:45,499 | MainThread   | [DEBUG   ] | reset_all_plots     |: Resetting trajectory plots...
2025-04-27 20:13:54,759 | MainThread   | [DEBUG   ] | reset_all_plots     |: Resetting trajectory plots...
2025-04-27 20:14:11,793 | MainThread   | [DEBUG   ] | reset_all_plots     |: Resetting trajectory plots...
2025-04-27 20:27:04,658 | MainThread   | [DEBUG   ] | reset_all_plots     |: Resetting trajectory plots...
2025-04-27 20:28:54,583 | MainThread   | [DEBUG   ] | reset_all_plots     |: Resetting trajectory plots...
2025-04-27 20:30:47,534 | MainThread   | [DEBUG   ] | reset_all_plots     |: Resetting trajectory plots...
2025-04-27 20:40:32,497 | MainThread   | [DEBUG   ] | run                 |: Python version: 3.11.12 (main, Apr  8 2025, 14:15:29) [Clang 16.0.0 (clang-1600.0.26.6)]
2025-04-27 20:40:32,497 | MainThread   | [DEBUG   ] | run                 |: Parameters used:
2025-04-27 20:40:32,497 | MainThread   | [DEBUG   ] | run                 |: Symbol               : o
2025-04-27 20:40:32,497 | MainThread   | [DEBUG   ] | run                 |: Symbol size          : 5
2025-04-27 20:40:32,497 | MainThread   | [DEBUG   ] | run                 |: Line thickness       : 2
2025-04-27 20:40:32,497 | MainThread   | [DEBUG   ] | run                 |: Position tolerance   : 0.03
2025-04-27 20:40:32,497 | MainThread   | [DEBUG   ] | run                 |: ------------------

2025-04-27 20:40:58,227 | MainThread   | [DEBUG   ] | reset_all_plots     |: Resetting trajectory plots...
2025-04-27 21:03:02,106 | MainThread   | [DEBUG   ] | reset_all_plots     |: Resetting trajectory plots...
2025-04-27 21:06:51,878 | MainThread   | [DEBUG   ] | reset_all_plots     |: Resetting trajectory plots...
2025-04-27 21:08:13,989 | MainThread   | [DEBUG   ] | reset_all_plots     |: Resetting trajectory plots...
2025-04-27 21:10:06,673 | MainThread   | [DEBUG   ] | reset_all_plots     |: Resetting trajectory plots...
2025-04-27 21:15:49,432 | MainThread   | [DEBUG   ] | run                 |: Python version: 3.11.12 (main, Apr  8 2025, 14:15:29) [Clang 16.0.0 (clang-1600.0.26.6)]
2025-04-27 21:15:49,432 | MainThread   | [DEBUG   ] | run                 |: Parameters used:
2025-04-27 21:15:49,432 | MainThread   | [DEBUG   ] | run                 |: Symbol               : o
2025-04-27 21:15:49,432 | MainThread   | [DEBUG   ] | run                 |: Symbol size          : 5
2025-04-27 21:15:49,432 | MainThread   | [DEBUG   ] | run                 |: Line thickness       : 2
2025-04-27 21:15:49,432 | MainThread   | [DEBUG   ] | run                 |: Position tolerance   : 0.03
2025-04-27 21:15:49,432 | MainThread   | [DEBUG   ] | run                 |: ------------------

2025-04-27 21:16:09,540 | MainThread   | [DEBUG   ] | reset_all_plots     |: Resetting trajectory plots...
2025-04-27 21:24:59,354 | MainThread   | [DEBUG   ] | reset_all_plots     |: Resetting trajectory plots...
2025-04-27 23:40:03,465 | MainThread   | [DEBUG   ] | run                 |: Python version: 3.11.12 (main, Apr  8 2025, 14:15:29) [Clang 16.0.0 (clang-1600.0.26.6)]
2025-04-27 23:40:03,466 | MainThread   | [DEBUG   ] | run                 |: Parameters used:
2025-04-27 23:40:03,466 | MainThread   | [DEBUG   ] | run                 |: Symbol               : o
2025-04-27 23:40:03,466 | MainThread   | [DEBUG   ] | run                 |: Symbol size          : 5
2025-04-27 23:40:03,466 | MainThread   | [DEBUG   ] | run                 |: Line thickness       : 2
2025-04-27 23:40:03,466 | MainThread   | [DEBUG   ] | run                 |: Position tolerance   : 0.03
2025-04-27 23:40:03,466 | MainThread   | [DEBUG   ] | run                 |: ------------------

2025-04-27 23:43:49,503 | MainThread   | [DEBUG   ] | reset_all_plots     |: Resetting trajectory plots...
2025-04-27 23:44:29,874 | MainThread   | [DEBUG   ] | signal_handler      |: Received SIGTERM
2025-04-27 23:44:29,874 | MainThread   | [DEBUG   ] | run                 |: Exiting gracefully...
2025-04-27 23:44:40,518 | MainThread   | [DEBUG   ] | run                 |: Python version: 3.11.12 (main, Apr  8 2025, 14:15:29) [Clang 16.0.0 (clang-1600.0.26.6)]
2025-04-27 23:44:40,519 | MainThread   | [DEBUG   ] | run                 |: Parameters used:
2025-04-27 23:44:40,519 | MainThread   | [DEBUG   ] | run                 |: Symbol               : o
2025-04-27 23:44:40,519 | MainThread   | [DEBUG   ] | run                 |: Symbol size          : 5
2025-04-27 23:44:40,519 | MainThread   | [DEBUG   ] | run                 |: Line thickness       : 2
2025-04-27 23:44:40,519 | MainThread   | [DEBUG   ] | run                 |: Position tolerance   : 0.03
2025-04-27 23:44:40,519 | MainThread   | [DEBUG   ] | run                 |: ------------------

2025-04-27 23:44:57,345 | MainThread   | [DEBUG   ] | reset_all_plots     |: Resetting trajectory plots...
2025-04-27 23:46:09,231 | MainThread   | [DEBUG   ] | signal_handler      |: Received SIGTERM
2025-04-27 23:46:09,231 | MainThread   | [DEBUG   ] | run                 |: Exiting gracefully...
2025-04-27 23:46:16,853 | MainThread   | [DEBUG   ] | run                 |: Python version: 3.11.12 (main, Apr  8 2025, 14:15:29) [Clang 16.0.0 (clang-1600.0.26.6)]
2025-04-27 23:46:16,854 | MainThread   | [DEBUG   ] | run                 |: Parameters used:
2025-04-27 23:46:16,854 | MainThread   | [DEBUG   ] | run                 |: Symbol               : o
2025-04-27 23:46:16,854 | MainThread   | [DEBUG   ] | run                 |: Symbol size          : 5
2025-04-27 23:46:16,854 | MainThread   | [DEBUG   ] | run                 |: Line thickness       : 2
2025-04-27 23:46:16,854 | MainThread   | [DEBUG   ] | run                 |: Position tolerance   : 0.03
2025-04-27 23:46:16,854 | MainThread   | [DEBUG   ] | run                 |: ------------------

2025-04-27 23:46:30,267 | MainThread   | [DEBUG   ] | reset_all_plots     |: Resetting trajectory plots...
2025-04-27 23:48:09,964 | MainThread   | [DEBUG   ] | reset_all_plots     |: Resetting trajectory plots...
2025-04-27 23:52:31,305 | MainThread   | [DEBUG   ] | reset_all_plots     |: Resetting trajectory plots...
2025-04-27 23:53:52,247 | MainThread   | [DEBUG   ] | reset_all_plots     |: Resetting trajectory plots...
2025-04-27 23:57:26,781 | MainThread   | [DEBUG   ] | reset_all_plots     |: Resetting trajectory plots...
2025-04-27 23:59:51,144 | MainThread   | [DEBUG   ] | run                 |: Python version: 3.11.12 (main, Apr  8 2025, 14:15:29) [Clang 16.0.0 (clang-1600.0.26.6)]
2025-04-27 23:59:51,145 | MainThread   | [DEBUG   ] | run                 |: Parameters used:
2025-04-27 23:59:51,145 | MainThread   | [DEBUG   ] | run                 |: Symbol               : o
2025-04-27 23:59:51,145 | MainThread   | [DEBUG   ] | run                 |: Symbol size          : 5
2025-04-27 23:59:51,145 | MainThread   | [DEBUG   ] | run                 |: Line thickness       : 2
2025-04-27 23:59:51,145 | MainThread   | [DEBUG   ] | run                 |: Position tolerance   : 0.03
2025-04-27 23:59:51,145 | MainThread   | [DEBUG   ] | run                 |: ------------------

2025-04-28 00:00:44,547 | MainThread   | [DEBUG   ] | reset_all_plots     |: Resetting trajectory plots...
2025-04-28 00:01:49,297 | MainThread   | [DEBUG   ] | hide_plot           |: Hide Belief
2025-04-28 00:01:50,630 | MainThread   | [DEBUG   ] | show_plot           |: Show Belief
2025-04-28 00:05:06,491 | MainThread   | [DEBUG   ] | reset_all_plots     |: Resetting trajectory plots...
2025-04-28 00:07:37,387 | MainThread   | [DEBUG   ] | reset_all_plots     |: Resetting trajectory plots...
2025-04-28 11:23:37,889 | MainThread   | [DEBUG   ] | signal_handler      |: Received SIGTERM
2025-04-28 11:23:37,890 | MainThread   | [DEBUG   ] | run                 |: Exiting gracefully...
2025-04-28 11:45:13,309 | MainThread   | [DEBUG   ] | run                 |: Python version: 3.11.12 (main, Apr  8 2025, 14:15:29) [Clang 16.0.0 (clang-1600.0.26.6)]
2025-04-28 11:45:13,309 | MainThread   | [DEBUG   ] | run                 |: Parameters used:
2025-04-28 11:45:13,309 | MainThread   | [DEBUG   ] | run                 |: Symbol               : o
2025-04-28 11:45:13,309 | MainThread   | [DEBUG   ] | run                 |: Symbol size          : 5
2025-04-28 11:45:13,309 | MainThread   | [DEBUG   ] | run                 |: Line thickness       : 2
2025-04-28 11:45:13,309 | MainThread   | [DEBUG   ] | run                 |: Position tolerance   : 0.03
2025-04-28 11:45:13,309 | MainThread   | [DEBUG   ] | run                 |: ------------------

2025-04-28 11:45:28,930 | MainThread   | [DEBUG   ] | reset_all_plots     |: Resetting trajectory plots...
2025-04-28 11:46:34,783 | MainThread   | [DEBUG   ] | signal_handler      |: Received SIGTERM
2025-04-28 11:46:34,784 | MainThread   | [DEBUG   ] | run                 |: Exiting gracefully...
2025-04-28 11:48:57,516 | MainThread   | [DEBUG   ] | run                 |: Python version: 3.11.12 (main, Apr  8 2025, 14:15:29) [Clang 16.0.0 (clang-1600.0.26.6)]
2025-04-28 11:48:57,517 | MainThread   | [DEBUG   ] | run                 |: Parameters used:
2025-04-28 11:48:57,517 | MainThread   | [DEBUG   ] | run                 |: Symbol               : o
2025-04-28 11:48:57,517 | MainThread   | [DEBUG   ] | run                 |: Symbol size          : 5
2025-04-28 11:48:57,517 | MainThread   | [DEBUG   ] | run                 |: Line thickness       : 2
2025-04-28 11:48:57,517 | MainThread   | [DEBUG   ] | run                 |: Position tolerance   : 0.03
2025-04-28 11:48:57,517 | MainThread   | [DEBUG   ] | run                 |: ------------------

2025-04-28 11:49:13,260 | MainThread   | [DEBUG   ] | reset_all_plots     |: Resetting trajectory plots...
2025-04-28 11:49:55,956 | MainThread   | [DEBUG   ] | signal_handler      |: Received SIGTERM
2025-04-28 11:49:55,956 | MainThread   | [DEBUG   ] | run                 |: Exiting gracefully...
2025-04-28 11:50:10,914 | MainThread   | [DEBUG   ] | run                 |: Python version: 3.11.12 (main, Apr  8 2025, 14:15:29) [Clang 16.0.0 (clang-1600.0.26.6)]
2025-04-28 11:50:10,915 | MainThread   | [DEBUG   ] | run                 |: Parameters used:
2025-04-28 11:50:10,915 | MainThread   | [DEBUG   ] | run                 |: Symbol               : o
2025-04-28 11:50:10,915 | MainThread   | [DEBUG   ] | run                 |: Symbol size          : 5
2025-04-28 11:50:10,915 | MainThread   | [DEBUG   ] | run                 |: Line thickness       : 2
2025-04-28 11:50:10,915 | MainThread   | [DEBUG   ] | run                 |: Position tolerance   : 0.03
2025-04-28 11:50:10,915 | MainThread   | [DEBUG   ] | run                 |: ------------------

2025-04-28 11:50:55,578 | MainThread   | [DEBUG   ] | reset_all_plots     |: Resetting trajectory plots...
2025-04-28 11:52:21,277 | MainThread   | [DEBUG   ] | reset_all_plots     |: Resetting trajectory plots...
2025-04-28 11:54:15,616 | MainThread   | [DEBUG   ] | reset_all_plots     |: Resetting trajectory plots...
2025-04-28 11:55:49,462 | MainThread   | [DEBUG   ] | reset_all_plots     |: Resetting trajectory plots...
2025-04-28 11:57:59,228 | MainThread   | [DEBUG   ] | reset_all_plots     |: Resetting trajectory plots...
2025-04-28 12:00:35,720 | MainThread   | [DEBUG   ] | reset_all_plots     |: Resetting trajectory plots...
2025-04-28 12:02:40,638 | MainThread   | [DEBUG   ] | reset_all_plots     |: Resetting trajectory plots...
2025-04-28 12:05:03,147 | MainThread   | [DEBUG   ] | reset_all_plots     |: Resetting trajectory plots...
2025-04-28 12:07:06,937 | MainThread   | [DEBUG   ] | reset_all_plots     |: Resetting trajectory plots...
2025-04-28 12:09:12,337 | MainThread   | [DEBUG   ] | reset_all_plots     |: Resetting trajectory plots...
2025-04-28 12:20:11,175 | MainThread   | [DEBUG   ] | reset_all_plots     |: Resetting trajectory plots...
2025-04-28 12:20:39,540 | MainThread   | [DEBUG   ] | reset_all_plots     |: Resetting trajectory plots...
2025-04-28 12:22:39,393 | MainThread   | [DEBUG   ] | reset_all_plots     |: Resetting trajectory plots...
2025-04-28 12:23:38,968 | MainThread   | [DEBUG   ] | reset_all_plots     |: Resetting trajectory plots...
2025-04-28 12:26:22,265 | MainThread   | [DEBUG   ] | reset_all_plots     |: Resetting trajectory plots...
2025-04-28 12:29:07,809 | MainThread   | [DEBUG   ] | reset_all_plots     |: Resetting trajectory plots...
2025-04-28 12:29:26,806 | MainThread   | [DEBUG   ] | reset_all_plots     |: Resetting trajectory plots...
2025-04-28 18:53:24,227 | MainThread   | [DEBUG   ] | reset_all_plots     |: Resetting trajectory plots...
2025-04-28 18:57:11,055 | MainThread   | [DEBUG   ] | reset_all_plots     |: Resetting trajectory plots...
2025-04-28 18:58:46,028 | MainThread   | [DEBUG   ] | reset_all_plots     |: Resetting trajectory plots...
2025-04-28 19:00:34,192 | MainThread   | [DEBUG   ] | reset_all_plots     |: Resetting trajectory plots...
2025-04-28 19:00:55,847 | MainThread   | [DEBUG   ] | signal_handler      |: Received SIGTERM
2025-04-28 19:00:55,847 | MainThread   | [DEBUG   ] | run                 |: Exiting gracefully...
2025-04-28 19:00:55,874 | MainThread   | [DEBUG   ] | signal_handler      |: Received SIGTERM
2025-04-28 19:00:55,914 | MainThread   | [DEBUG   ] | signal_handler      |: Received SIGTERM
2025-04-28 19:01:02,287 | MainThread   | [DEBUG   ] | run                 |: Python version: 3.11.12 (main, Apr  8 2025, 14:15:29) [Clang 16.0.0 (clang-1600.0.26.6)]
2025-04-28 19:01:02,288 | MainThread   | [DEBUG   ] | run                 |: Parameters used:
2025-04-28 19:01:02,288 | MainThread   | [DEBUG   ] | run                 |: Symbol               : o
2025-04-28 19:01:02,288 | MainThread   | [DEBUG   ] | run                 |: Symbol size          : 5
2025-04-28 19:01:02,288 | MainThread   | [DEBUG   ] | run                 |: Line thickness       : 2
2025-04-28 19:01:02,288 | MainThread   | [DEBUG   ] | run                 |: Position tolerance   : 0.03
2025-04-28 19:01:02,288 | MainThread   | [DEBUG   ] | run                 |: ------------------

2025-04-28 19:01:14,306 | MainThread   | [DEBUG   ] | reset_all_plots     |: Resetting trajectory plots...
2025-04-28 19:03:47,709 | MainThread   | [DEBUG   ] | reset_all_plots     |: Resetting trajectory plots...
2025-04-28 19:05:46,066 | MainThread   | [DEBUG   ] | reset_all_plots     |: Resetting trajectory plots...
2025-04-28 19:10:36,449 | MainThread   | [DEBUG   ] | reset_all_plots     |: Resetting trajectory plots...
2025-04-28 19:12:36,557 | MainThread   | [DEBUG   ] | reset_all_plots     |: Resetting trajectory plots...
2025-04-28 19:14:03,777 | MainThread   | [DEBUG   ] | reset_all_plots     |: Resetting trajectory plots...
2025-04-28 19:16:16,610 | MainThread   | [DEBUG   ] | reset_all_plots     |: Resetting trajectory plots...
2025-04-28 19:18:45,123 | MainThread   | [DEBUG   ] | reset_all_plots     |: Resetting trajectory plots...
2025-04-28 19:25:05,617 | MainThread   | [DEBUG   ] | reset_all_plots     |: Resetting trajectory plots...
2025-04-28 19:25:42,612 | MainThread   | [DEBUG   ] | reset_all_plots     |: Resetting trajectory plots...
2025-04-28 19:27:42,687 | MainThread   | [DEBUG   ] | reset_all_plots     |: Resetting trajectory plots...
2025-04-28 19:34:15,930 | MainThread   | [DEBUG   ] | reset_all_plots     |: Resetting trajectory plots...
2025-04-28 19:36:35,481 | MainThread   | [DEBUG   ] | reset_all_plots     |: Resetting trajectory plots...
2025-04-28 19:37:05,356 | MainThread   | [DEBUG   ] | signal_handler      |: Received SIGTERM
2025-04-28 19:37:05,356 | MainThread   | [DEBUG   ] | run                 |: Exiting gracefully...
2025-04-28 19:37:18,152 | MainThread   | [DEBUG   ] | run                 |: Python version: 3.11.12 (main, Apr  8 2025, 14:15:29) [Clang 16.0.0 (clang-1600.0.26.6)]
2025-04-28 19:37:18,153 | MainThread   | [DEBUG   ] | run                 |: Parameters used:
2025-04-28 19:37:18,153 | MainThread   | [DEBUG   ] | run                 |: Symbol               : o
2025-04-28 19:37:18,153 | MainThread   | [DEBUG   ] | run                 |: Symbol size          : 5
2025-04-28 19:37:18,153 | MainThread   | [DEBUG   ] | run                 |: Line thickness       : 2
2025-04-28 19:37:18,153 | MainThread   | [DEBUG   ] | run                 |: Position tolerance   : 0.03
2025-04-28 19:37:18,153 | MainThread   | [DEBUG   ] | run                 |: ------------------

2025-04-28 19:38:22,364 | MainThread   | [DEBUG   ] | reset_all_plots     |: Resetting trajectory plots...
2025-04-28 19:39:47,117 | MainThread   | [DEBUG   ] | run                 |: Python version: 3.11.12 (main, Apr  8 2025, 14:15:29) [Clang 16.0.0 (clang-1600.0.26.6)]
2025-04-28 19:39:47,117 | MainThread   | [DEBUG   ] | run                 |: Parameters used:
2025-04-28 19:39:47,117 | MainThread   | [DEBUG   ] | run                 |: Symbol               : o
2025-04-28 19:39:47,117 | MainThread   | [DEBUG   ] | run                 |: Symbol size          : 5
2025-04-28 19:39:47,117 | MainThread   | [DEBUG   ] | run                 |: Line thickness       : 2
2025-04-28 19:39:47,117 | MainThread   | [DEBUG   ] | run                 |: Position tolerance   : 0.03
2025-04-28 19:39:47,117 | MainThread   | [DEBUG   ] | run                 |: ------------------

2025-04-28 19:40:22,162 | MainThread   | [DEBUG   ] | reset_all_plots     |: Resetting trajectory plots...
2025-04-28 19:41:30,061 | MainThread   | [DEBUG   ] | reset_all_plots     |: Resetting trajectory plots...
2025-04-28 19:42:20,800 | MainThread   | [DEBUG   ] | run                 |: Python version: 3.11.12 (main, Apr  8 2025, 14:15:29) [Clang 16.0.0 (clang-1600.0.26.6)]
2025-04-28 19:42:20,800 | MainThread   | [DEBUG   ] | run                 |: Parameters used:
2025-04-28 19:42:20,800 | MainThread   | [DEBUG   ] | run                 |: Symbol               : o
2025-04-28 19:42:20,800 | MainThread   | [DEBUG   ] | run                 |: Symbol size          : 5
2025-04-28 19:42:20,800 | MainThread   | [DEBUG   ] | run                 |: Line thickness       : 2
2025-04-28 19:42:20,800 | MainThread   | [DEBUG   ] | run                 |: Position tolerance   : 0.03
2025-04-28 19:42:20,800 | MainThread   | [DEBUG   ] | run                 |: ------------------

2025-04-28 19:42:39,788 | MainThread   | [DEBUG   ] | reset_all_plots     |: Resetting trajectory plots...
2025-04-28 19:44:42,300 | MainThread   | [DEBUG   ] | reset_all_plots     |: Resetting trajectory plots...
2025-04-28 19:45:43,509 | MainThread   | [DEBUG   ] | reset_all_plots     |: Resetting trajectory plots...
2025-04-28 19:47:08,791 | MainThread   | [DEBUG   ] | reset_all_plots     |: Resetting trajectory plots...
2025-04-28 19:52:36,539 | MainThread   | [DEBUG   ] | reset_all_plots     |: Resetting trajectory plots...
2025-04-28 19:54:00,995 | MainThread   | [DEBUG   ] | run                 |: Python version: 3.11.12 (main, Apr  8 2025, 14:15:29) [Clang 16.0.0 (clang-1600.0.26.6)]
2025-04-28 19:54:00,996 | MainThread   | [DEBUG   ] | run                 |: Parameters used:
2025-04-28 19:54:00,996 | MainThread   | [DEBUG   ] | run                 |: Symbol               : o
2025-04-28 19:54:00,996 | MainThread   | [DEBUG   ] | run                 |: Symbol size          : 5
2025-04-28 19:54:00,996 | MainThread   | [DEBUG   ] | run                 |: Line thickness       : 2
2025-04-28 19:54:00,996 | MainThread   | [DEBUG   ] | run                 |: Position tolerance   : 0.03
2025-04-28 19:54:00,996 | MainThread   | [DEBUG   ] | run                 |: ------------------

2025-04-28 19:55:30,536 | MainThread   | [DEBUG   ] | reset_all_plots     |: Resetting trajectory plots...
2025-04-28 22:42:07,464 | MainThread   | [DEBUG   ] | reset_all_plots     |: Resetting trajectory plots...
2025-04-28 22:59:42,712 | MainThread   | [DEBUG   ] | reset_all_plots     |: Resetting trajectory plots...
2025-04-28 23:00:29,837 | MainThread   | [DEBUG   ] | reset_all_plots     |: Resetting trajectory plots...
2025-04-28 23:00:42,707 | MainThread   | [DEBUG   ] | reset_all_plots     |: Resetting trajectory plots...
2025-04-28 23:03:14,123 | MainThread   | [DEBUG   ] | reset_all_plots     |: Resetting trajectory plots...
2025-04-28 23:06:12,479 | MainThread   | [DEBUG   ] | reset_all_plots     |: Resetting trajectory plots...
2025-04-28 23:07:13,653 | MainThread   | [DEBUG   ] | reset_all_plots     |: Resetting trajectory plots...
2025-04-28 23:09:16,420 | MainThread   | [DEBUG   ] | reset_all_plots     |: Resetting trajectory plots...
2025-04-28 23:10:50,943 | MainThread   | [DEBUG   ] | reset_all_plots     |: Resetting trajectory plots...
2025-04-28 23:11:47,826 | MainThread   | [DEBUG   ] | reset_all_plots     |: Resetting trajectory plots...
2025-04-28 23:12:30,160 | MainThread   | [DEBUG   ] | reset_all_plots     |: Resetting trajectory plots...
2025-04-28 23:13:28,578 | MainThread   | [DEBUG   ] | reset_all_plots     |: Resetting trajectory plots...
2025-04-28 23:14:21,629 | MainThread   | [DEBUG   ] | reset_all_plots     |: Resetting trajectory plots...
2025-04-28 23:17:01,643 | MainThread   | [DEBUG   ] | reset_all_plots     |: Resetting trajectory plots...
2025-04-28 23:17:58,908 | MainThread   | [DEBUG   ] | reset_all_plots     |: Resetting trajectory plots...
2025-04-28 23:19:23,227 | MainThread   | [DEBUG   ] | reset_all_plots     |: Resetting trajectory plots...
2025-04-28 23:21:10,091 | MainThread   | [DEBUG   ] | reset_all_plots     |: Resetting trajectory plots...
2025-04-28 23:21:28,434 | MainThread   | [DEBUG   ] | hide_plot           |: Hide Ground Truth
2025-04-28 23:21:29,818 | MainThread   | [DEBUG   ] | hide_plot           |: Hide Belief
2025-04-28 23:21:43,217 | MainThread   | [DEBUG   ] | show_plot           |: Show Ground Truth
2025-04-28 23:21:43,984 | MainThread   | [DEBUG   ] | show_plot           |: Show Belief
2025-04-28 23:24:02,815 | MainThread   | [DEBUG   ] | hide_plot           |: Hide Ground Truth
2025-04-28 23:24:03,798 | MainThread   | [DEBUG   ] | show_plot           |: Show Ground Truth
2025-04-28 23:24:59,179 | MainThread   | [DEBUG   ] | reset_all_plots     |: Resetting trajectory plots...
2025-04-28 23:26:39,785 | MainThread   | [DEBUG   ] | reset_all_plots     |: Resetting trajectory plots...
2025-04-28 23:27:29,849 | MainThread   | [DEBUG   ] | reset_all_plots     |: Resetting trajectory plots...
2025-04-28 23:28:23,600 | MainThread   | [DEBUG   ] | reset_all_plots     |: Resetting trajectory plots...
2025-04-28 23:30:20,205 | MainThread   | [DEBUG   ] | reset_all_plots     |: Resetting trajectory plots...
2025-04-28 23:30:58,945 | MainThread   | [DEBUG   ] | reset_all_plots     |: Resetting trajectory plots...
2025-04-28 23:31:46,355 | MainThread   | [DEBUG   ] | reset_all_plots     |: Resetting trajectory plots...
2025-04-28 23:32:29,420 | MainThread   | [DEBUG   ] | reset_all_plots     |: Resetting trajectory plots...
2025-04-28 23:33:05,478 | MainThread   | [DEBUG   ] | reset_all_plots     |: Resetting trajectory plots...
2025-04-28 23:34:41,434 | MainThread   | [DEBUG   ] | reset_all_plots     |: Resetting trajectory plots...
2025-04-28 23:35:25,238 | MainThread   | [DEBUG   ] | reset_all_plots     |: Resetting trajectory plots...
2025-04-28 23:38:49,174 | MainThread   | [DEBUG   ] | reset_all_plots     |: Resetting trajectory plots...
2025-04-28 23:39:45,255 | MainThread   | [DEBUG   ] | reset_all_plots     |: Resetting trajectory plots...
2025-04-28 23:40:44,392 | MainThread   | [DEBUG   ] | reset_all_plots     |: Resetting trajectory plots...
2025-04-28 23:46:21,208 | MainThread   | [DEBUG   ] | reset_all_plots     |: Resetting trajectory plots...
2025-04-28 23:46:56,240 | MainThread   | [DEBUG   ] | reset_all_plots     |: Resetting trajectory plots...
2025-04-28 23:48:07,470 | MainThread   | [DEBUG   ] | reset_all_plots     |: Resetting trajectory plots...
2025-04-28 23:48:44,754 | MainThread   | [DEBUG   ] | reset_all_plots     |: Resetting trajectory plots...
2025-04-28 23:49:20,478 | MainThread   | [DEBUG   ] | reset_all_plots     |: Resetting trajectory plots...
2025-04-28 23:49:55,800 | MainThread   | [DEBUG   ] | reset_all_plots     |: Resetting trajectory plots...
2025-04-28 23:50:25,755 | MainThread   | [DEBUG   ] | reset_all_plots     |: Resetting trajectory plots...
2025-04-28 23:50:58,621 | MainThread   | [DEBUG   ] | reset_all_plots     |: Resetting trajectory plots...
2025-04-28 23:51:32,207 | MainThread   | [DEBUG   ] | reset_all_plots     |: Resetting trajectory plots...
2025-04-28 23:52:08,548 | MainThread   | [DEBUG   ] | reset_all_plots     |: Resetting trajectory plots...
2025-04-28 23:53:42,018 | MainThread   | [DEBUG   ] | reset_all_plots     |: Resetting trajectory plots...
2025-04-28 23:54:19,256 | MainThread   | [DEBUG   ] | reset_all_plots     |: Resetting trajectory plots...
2025-04-28 23:54:51,789 | MainThread   | [DEBUG   ] | signal_handler      |: Received SIGTERM
2025-04-28 23:54:51,790 | MainThread   | [DEBUG   ] | run                 |: Exiting gracefully...
2025-04-28 23:54:51,931 | MainThread   | [DEBUG   ] | signal_handler      |: Received SIGTERM
2025-04-28 23:55:01,227 | MainThread   | [DEBUG   ] | run                 |: Python version: 3.11.12 (main, Apr  8 2025, 14:15:29) [Clang 16.0.0 (clang-1600.0.26.6)]
2025-04-28 23:55:01,228 | MainThread   | [DEBUG   ] | run                 |: Parameters used:
2025-04-28 23:55:01,228 | MainThread   | [DEBUG   ] | run                 |: Symbol               : o
2025-04-28 23:55:01,228 | MainThread   | [DEBUG   ] | run                 |: Symbol size          : 5
2025-04-28 23:55:01,228 | MainThread   | [DEBUG   ] | run                 |: Line thickness       : 2
2025-04-28 23:55:01,228 | MainThread   | [DEBUG   ] | run                 |: Position tolerance   : 0.03
2025-04-28 23:55:01,228 | MainThread   | [DEBUG   ] | run                 |: ------------------

2025-04-28 23:55:51,617 | MainThread   | [DEBUG   ] | reset_all_plots     |: Resetting trajectory plots...
2025-04-28 23:56:43,213 | MainThread   | [DEBUG   ] | reset_all_plots     |: Resetting trajectory plots...
2025-04-28 23:57:14,226 | MainThread   | [DEBUG   ] | reset_all_plots     |: Resetting trajectory plots...
2025-04-28 23:57:46,132 | MainThread   | [DEBUG   ] | reset_all_plots     |: Resetting trajectory plots...
2025-04-29 00:00:16,559 | MainThread   | [DEBUG   ] | reset_all_plots     |: Resetting trajectory plots...
2025-04-29 00:01:21,094 | MainThread   | [DEBUG   ] | reset_all_plots     |: Resetting trajectory plots...
2025-04-29 00:01:54,928 | MainThread   | [DEBUG   ] | reset_all_plots     |: Resetting trajectory plots...
2025-04-29 00:03:03,921 | MainThread   | [DEBUG   ] | reset_all_plots     |: Resetting trajectory plots...
2025-04-29 00:04:15,353 | MainThread   | [DEBUG   ] | reset_all_plots     |: Resetting trajectory plots...
2025-04-29 00:05:00,707 | MainThread   | [DEBUG   ] | reset_all_plots     |: Resetting trajectory plots...
2025-04-29 00:05:32,167 | MainThread   | [DEBUG   ] | reset_all_plots     |: Resetting trajectory plots...
2025-04-29 00:06:06,064 | MainThread   | [DEBUG   ] | reset_all_plots     |: Resetting trajectory plots...
2025-04-29 00:06:49,507 | MainThread   | [DEBUG   ] | reset_all_plots     |: Resetting trajectory plots...
2025-04-29 00:08:29,306 | MainThread   | [DEBUG   ] | reset_all_plots     |: Resetting trajectory plots...
2025-04-29 00:11:02,645 | MainThread   | [DEBUG   ] | reset_all_plots     |: Resetting trajectory plots...
2025-04-29 00:12:10,779 | MainThread   | [DEBUG   ] | run                 |: Python version: 3.11.12 (main, Apr  8 2025, 14:15:29) [Clang 16.0.0 (clang-1600.0.26.6)]
2025-04-29 00:12:10,779 | MainThread   | [DEBUG   ] | run                 |: Parameters used:
2025-04-29 00:12:10,779 | MainThread   | [DEBUG   ] | run                 |: Symbol               : o
2025-04-29 00:12:10,779 | MainThread   | [DEBUG   ] | run                 |: Symbol size          : 5
2025-04-29 00:12:10,779 | MainThread   | [DEBUG   ] | run                 |: Line thickness       : 2
2025-04-29 00:12:10,779 | MainThread   | [DEBUG   ] | run                 |: Position tolerance   : 0.03
2025-04-29 00:12:10,779 | MainThread   | [DEBUG   ] | run                 |: ------------------

2025-04-29 00:12:24,832 | MainThread   | [DEBUG   ] | reset_all_plots     |: Resetting trajectory plots...
2025-04-29 00:13:01,532 | MainThread   | [DEBUG   ] | reset_all_plots     |: Resetting trajectory plots...
2025-04-29 00:13:59,784 | MainThread   | [DEBUG   ] | reset_all_plots     |: Resetting trajectory plots...
2025-04-29 00:14:52,131 | MainThread   | [DEBUG   ] | reset_all_plots     |: Resetting trajectory plots...
2025-04-29 00:28:20,655 | MainThread   | [DEBUG   ] | reset_all_plots     |: Resetting trajectory plots...
2025-04-29 00:28:51,922 | MainThread   | [DEBUG   ] | reset_all_plots     |: Resetting trajectory plots...
2025-04-29 00:29:35,201 | MainThread   | [DEBUG   ] | reset_all_plots     |: Resetting trajectory plots...
2025-04-29 00:31:16,549 | MainThread   | [DEBUG   ] | reset_all_plots     |: Resetting trajectory plots...
2025-04-29 00:31:59,449 | MainThread   | [DEBUG   ] | reset_all_plots     |: Resetting trajectory plots...
2025-04-29 00:33:36,757 | MainThread   | [DEBUG   ] | reset_all_plots     |: Resetting trajectory plots...
2025-04-29 00:35:56,146 | MainThread   | [DEBUG   ] | reset_all_plots     |: Resetting trajectory plots...
2025-04-29 00:36:26,790 | MainThread   | [DEBUG   ] | reset_all_plots     |: Resetting trajectory plots...
2025-04-29 00:38:58,995 | MainThread   | [DEBUG   ] | reset_all_plots     |: Resetting trajectory plots...
2025-04-29 00:39:19,332 | MainThread   | [DEBUG   ] | reset_all_plots     |: Resetting trajectory plots...
2025-04-29 00:41:03,608 | MainThread   | [DEBUG   ] | reset_all_plots     |: Resetting trajectory plots...
2025-04-29 00:41:43,761 | MainThread   | [DEBUG   ] | reset_all_plots     |: Resetting trajectory plots...
2025-04-29 01:05:39,229 | MainThread   | [DEBUG   ] | run                 |: Python version: 3.11.12 (main, Apr  8 2025, 14:15:29) [Clang 16.0.0 (clang-1600.0.26.6)]
2025-04-29 01:05:39,229 | MainThread   | [DEBUG   ] | run                 |: Parameters used:
2025-04-29 01:05:39,229 | MainThread   | [DEBUG   ] | run                 |: Symbol               : o
2025-04-29 01:05:39,229 | MainThread   | [DEBUG   ] | run                 |: Symbol size          : 5
2025-04-29 01:05:39,229 | MainThread   | [DEBUG   ] | run                 |: Line thickness       : 2
2025-04-29 01:05:39,229 | MainThread   | [DEBUG   ] | run                 |: Position tolerance   : 0.03
2025-04-29 01:05:39,229 | MainThread   | [DEBUG   ] | run                 |: ------------------

2025-04-29 01:05:49,229 | MainThread   | [DEBUG   ] | reset_all_plots     |: Resetting trajectory plots...
2025-04-29 01:06:46,374 | MainThread   | [DEBUG   ] | reset_all_plots     |: Resetting trajectory plots...
2025-04-29 01:07:23,777 | MainThread   | [DEBUG   ] | reset_all_plots     |: Resetting trajectory plots...
2025-04-29 01:09:45,967 | MainThread   | [DEBUG   ] | reset_all_plots     |: Resetting trajectory plots...
2025-04-29 01:10:36,390 | MainThread   | [DEBUG   ] | reset_all_plots     |: Resetting trajectory plots...
2025-04-29 01:11:07,199 | MainThread   | [DEBUG   ] | reset_all_plots     |: Resetting trajectory plots...
2025-04-29 01:11:45,908 | MainThread   | [DEBUG   ] | reset_all_plots     |: Resetting trajectory plots...
2025-04-29 01:12:20,707 | MainThread   | [DEBUG   ] | reset_all_plots     |: Resetting trajectory plots...
2025-04-29 01:13:56,398 | MainThread   | [DEBUG   ] | reset_all_plots     |: Resetting trajectory plots...
2025-04-29 01:14:41,456 | MainThread   | [DEBUG   ] | reset_all_plots     |: Resetting trajectory plots...
2025-04-29 01:15:36,692 | MainThread   | [DEBUG   ] | reset_all_plots     |: Resetting trajectory plots...
2025-04-29 01:16:13,056 | MainThread   | [DEBUG   ] | reset_all_plots     |: Resetting trajectory plots...
2025-04-29 01:16:48,508 | MainThread   | [DEBUG   ] | reset_all_plots     |: Resetting trajectory plots...
2025-04-29 01:17:28,084 | MainThread   | [DEBUG   ] | reset_all_plots     |: Resetting trajectory plots...
2025-04-29 01:18:07,921 | MainThread   | [DEBUG   ] | reset_all_plots     |: Resetting trajectory plots...
2025-04-29 01:18:39,868 | MainThread   | [DEBUG   ] | hide_plot           |: Hide Ground Truth
2025-04-29 01:18:40,468 | MainThread   | [DEBUG   ] | show_plot           |: Show Ground Truth
2025-04-29 01:18:41,018 | MainThread   | [DEBUG   ] | hide_plot           |: Hide Ground Truth
2025-04-29 01:18:41,385 | MainThread   | [DEBUG   ] | show_plot           |: Show Ground Truth
2025-04-29 01:18:42,435 | MainThread   | [DEBUG   ] | hide_plot           |: Hide Odometry
2025-04-29 01:18:43,002 | MainThread   | [DEBUG   ] | show_plot           |: Show Odometry
2025-04-29 01:18:43,718 | MainThread   | [DEBUG   ] | hide_plot           |: Hide Belief
2025-04-29 01:18:44,202 | MainThread   | [DEBUG   ] | show_plot           |: Show Belief
